This is pdfTeX, Version 3.14159265-2.6-1.40.20 (TeX Live 2019/W32TeX) (preloaded format=pdflatex 2019.11.1)  18 JAN 2022 22:11
entering extended mode
 restricted \write18 enabled.
 %&-line parsing enabled.
**denvergroceries.tex
(./denvergroceries.tex
LaTeX2e <2019-10-01> patch level 1

! LaTeX Error: File `tufte-handout.cls' not found.

Type X to quit or <RETURN> to proceed,
or enter new name. (Default extension: cls)

Enter file name: 
! Emergency stop.
<read *> 
         
l.2 ^^M
        
Here is how much of TeX's memory you used:
 11 strings out of 494111
 264 string characters out of 6172245
 54105 words of memory out of 5000000
 4221 multiletter control sequences out of 15000+600000
 3640 words of font info for 14 fonts, out of 8000000 for 9000
 14 hyphenation exceptions out of 8191
 11i,0n,8p,53b,10s stack positions out of 5000i,500n,10000p,200000b,80000s

!  ==> Fatal error occurred, no output PDF file produced!
